<?xml version="1.0" encoding="UTF-8"?>
<!-- Generated by org.testng.reporters.JUnitReportReporter -->
<testsuite hostname="Pournima" failures="0" tests="1" name="createUser.dropdown" time="2.745" errors="0" timestamp="2025-02-05T17:24:56 IST" skipped="0">
  <testcase classname="createUser.dropdown" name="ddwork" time="2.745"/>
</testsuite> <!-- createUser.dropdown -->
