<?xml version="1.0" encoding="UTF-8"?>
<!-- Generated by org.testng.reporters.JUnitReportReporter -->
<testsuite hostname="Pournima" failures="0" tests="1" name="createUser.cleartext" time="0.206" errors="0" timestamp="2025-01-28T20:42:37 IST" skipped="0">
  <testcase classname="createUser.cleartext" name="performClear" time="0.206"/>
</testsuite> <!-- createUser.cleartext -->
