<?xml version="1.0" encoding="UTF-8"?>
<!-- Generated by org.testng.reporters.JUnitReportReporter -->
<testsuite hostname="Pournima" failures="0" tests="2" name="createUser.amzon" time="10.340" errors="0" timestamp="2025-01-24T16:52:10 IST" skipped="0">
  <testcase classname="createUser.amzon" name="Bestseller" time="7.885"/>
  <testcase classname="createUser.amzon" name="ExpandMenuAndChooseoption" time="2.455"/>
</testsuite> <!-- createUser.amzon -->
