<?xml version="1.0" encoding="UTF-8"?>
<!-- Generated by org.testng.reporters.JUnitReportReporter -->
<testsuite hostname="Pournima" failures="0" tests="1" name="createUser.pagination" time="0.024" errors="0" timestamp="2025-01-24T16:04:24 IST" skipped="0">
  <testcase classname="createUser.pagination" name="handlepagination" time="0.024"/>
</testsuite> <!-- createUser.pagination -->
