<?xml version="1.0" encoding="UTF-8"?>
<!-- Generated by org.testng.reporters.JUnitReportReporter -->
<testsuite hostname="Pournima" failures="0" tests="1" name="createUser.handleWindow" time="0.421" errors="0" timestamp="2025-01-24T17:15:33 IST" skipped="0">
  <testcase classname="createUser.handleWindow" name="handleMultiplewindowa" time="0.421"/>
</testsuite> <!-- createUser.handleWindow -->
